<?xml version="1.0" encoding="UTF-8"?>
<testsuite name="com.matchalab.trip_todo_api.model.mapper.TripMapperTest" tests="4" skipped="0" failures="0" errors="0" timestamp="2025-06-10T09:18:36.029Z" hostname="DESKTOP-AP6T7CF" time="0.904">
  <properties/>
  <testcase name="testMapToTodoDTO()" classname="com.matchalab.trip_todo_api.model.mapper.TripMapperTest" time="0.89"/>
  <testcase name="testMapToTripDTO()" classname="com.matchalab.trip_todo_api.model.mapper.TripMapperTest" time="0.003"/>
  <testcase name="testMapToTodo()" classname="com.matchalab.trip_todo_api.model.mapper.TripMapperTest" time="0.002"/>
  <testcase name="testMapToTrip()" classname="com.matchalab.trip_todo_api.model.mapper.TripMapperTest" time="0.003"/>
  <system-out><![CDATA[18:18:35.667 [Test worker] INFO org.springframework.test.context.support.AnnotationConfigContextLoaderUtils -- Could not detect default configuration classes for test class [com.matchalab.trip_todo_api.model.mapper.TripMapperTest]: TripMapperTest does not declare any static, non-private, non-final, nested classes annotated with @Configuration.
]]></system-out>
  <system-err><![CDATA[Mockito is currently self-attaching to enable the inline-mock-maker. This will no longer work in future releases of the JDK. Please add Mockito as an agent to your build as described in Mockito's documentation: https://javadoc.io/doc/org.mockito/mockito-core/latest/org.mockito/org/mockito/Mockito.html#0.3
WARNING: A Java agent has been loaded dynamically (C:\Users\hyeon\.gradle\caches\modules-2\files-2.1\net.bytebuddy\byte-buddy-agent\1.17.5\58f9507f5f28d1d3e7adfb4ec2fe37c29d332c9b\byte-buddy-agent-1.17.5.jar)
WARNING: If a serviceability tool is in use, please run with -XX:+EnableDynamicAgentLoading to hide this warning
WARNING: If a serviceability tool is not in use, please run with -Djdk.instrument.traceUsage for more information
WARNING: Dynamic loading of agents will be disallowed by default in a future release
]]></system-err>
</testsuite>
