<?xml version="1.0" encoding="UTF-8"?>
<testsuite name="com.matchalab.trip_todo_api.TripTodoApiApplicationTests" tests="1" skipped="0" failures="0" errors="0" timestamp="2025-06-11T09:06:36.869Z" hostname="DESKTOP-AP6T7CF" time="0.0">
  <properties/>
  <testcase name="contextLoads()" classname="com.matchalab.trip_todo_api.TripTodoApiApplicationTests" time="0.0"/>
  <system-out><![CDATA[]]></system-out>
  <system-err><![CDATA[]]></system-err>
</testsuite>
