<?xml version="1.0" encoding="UTF-8"?>
<testsuite name="com.matchalab.trip_todo_api.PostgresqlDBConfigTest" tests="1" skipped="0" failures="1" errors="0" timestamp="2025-06-11T09:06:25.484Z" hostname="DESKTOP-AP6T7CF" time="11.378">
  <properties/>
  <testcase name="DBConnectionTest()" classname="com.matchalab.trip_todo_api.PostgresqlDBConfigTest" time="11.378">
    <failure message="org.postgresql.util.PSQLException: The connection attempt failed." type="org.postgresql.util.PSQLException">org.postgresql.util.PSQLException: The connection attempt failed.
	at app//org.postgresql.core.v3.ConnectionFactoryImpl.openConnectionImpl(ConnectionFactoryImpl.java:364)
	at app//org.postgresql.core.ConnectionFactory.openConnection(ConnectionFactory.java:54)
	at app//org.postgresql.jdbc.PgConnection.&lt;init&gt;(PgConnection.java:273)
	at app//org.postgresql.Driver.makeConnection(Driver.java:446)
	at app//org.postgresql.Driver.connect(Driver.java:298)
	at platform/java.sql@22.0.1/java.sql.DriverManager.getConnection(DriverManager.java:682)
	at platform/java.sql@22.0.1/java.sql.DriverManager.getConnection(DriverManager.java:230)
	at app//com.matchalab.trip_todo_api.PostgresqlDBConfigTest.DBConnectionTest(PostgresqlDBConfigTest.java:49)
	at java.base@22.0.1/java.lang.reflect.Method.invoke(Method.java:580)
	at java.base@22.0.1/java.util.ArrayList.forEach(ArrayList.java:1597)
	at java.base@22.0.1/java.util.ArrayList.forEach(ArrayList.java:1597)
Caused by: java.net.SocketTimeoutException: Connect timed out
	at java.base/sun.nio.ch.NioSocketImpl.timedFinishConnect(NioSocketImpl.java:546)
	at java.base/sun.nio.ch.NioSocketImpl.connect(NioSocketImpl.java:592)
	at java.base/java.net.SocksSocketImpl.connect(SocksSocketImpl.java:327)
	at java.base/java.net.Socket.connect(Socket.java:752)
	at org.postgresql.core.PGStream.createSocket(PGStream.java:260)
	at org.postgresql.core.PGStream.&lt;init&gt;(PGStream.java:121)
	at org.postgresql.core.v3.ConnectionFactoryImpl.tryConnect(ConnectionFactoryImpl.java:140)
	at org.postgresql.core.v3.ConnectionFactoryImpl.openConnectionImpl(ConnectionFactoryImpl.java:268)
	... 10 more
</failure>
  </testcase>
  <system-out><![CDATA[18:06:24.123 [Test worker] INFO org.springframework.test.context.support.AnnotationConfigContextLoaderUtils -- Could not detect default configuration classes for test class [com.matchalab.trip_todo_api.PostgresqlDBConfigTest]: PostgresqlDBConfigTest does not declare any static, non-private, non-final, nested classes annotated with @Configuration.
18:06:25.477 [Test worker] INFO com.matchalab.trip_todo_api.PostgresqlDBConfigTest -- [PostgresqlDbConfigTest] Trying to connect DB:
18:06:25.477 [Test worker] INFO com.matchalab.trip_todo_api.PostgresqlDBConfigTest -- url=jdbc:postgresql://trip-todo-api-test-postgresql.chs6kwmmakb1.ap-northeast-2.rds.amazonaws.com:5432/trip_todo
18:06:25.481 [Test worker] INFO com.matchalab.trip_todo_api.PostgresqlDBConfigTest -- username=matchalab_admin
18:06:25.481 [Test worker] INFO com.matchalab.trip_todo_api.PostgresqlDBConfigTest -- password=hello_matcha
]]></system-out>
  <system-err><![CDATA[Mockito is currently self-attaching to enable the inline-mock-maker. This will no longer work in future releases of the JDK. Please add Mockito as an agent to your build as described in Mockito's documentation: https://javadoc.io/doc/org.mockito/mockito-core/latest/org.mockito/org/mockito/Mockito.html#0.3
WARNING: A Java agent has been loaded dynamically (C:\Users\hyeon\.gradle\caches\modules-2\files-2.1\net.bytebuddy\byte-buddy-agent\1.17.5\58f9507f5f28d1d3e7adfb4ec2fe37c29d332c9b\byte-buddy-agent-1.17.5.jar)
WARNING: If a serviceability tool is in use, please run with -XX:+EnableDynamicAgentLoading to hide this warning
WARNING: If a serviceability tool is not in use, please run with -Djdk.instrument.traceUsage for more information
WARNING: Dynamic loading of agents will be disallowed by default in a future release
]]></system-err>
</testsuite>
