<?xml version="1.0" encoding="UTF-8"?>
<testsuite name="com.matchalab.trip_todo_api.model.mapper.TripMapperTest" tests="4" skipped="0" failures="0" errors="0" timestamp="2025-06-11T09:06:37.459Z" hostname="DESKTOP-AP6T7CF" time="0.033">
  <properties/>
  <testcase name="testMapToTodoDTO()" classname="com.matchalab.trip_todo_api.model.mapper.TripMapperTest" time="0.018"/>
  <testcase name="testMapToTripDTO()" classname="com.matchalab.trip_todo_api.model.mapper.TripMapperTest" time="0.003"/>
  <testcase name="testMapToTodo()" classname="com.matchalab.trip_todo_api.model.mapper.TripMapperTest" time="0.003"/>
  <testcase name="testMapToTrip()" classname="com.matchalab.trip_todo_api.model.mapper.TripMapperTest" time="0.003"/>
  <system-out><![CDATA[]]></system-out>
  <system-err><![CDATA[]]></system-err>
</testsuite>
